Arguments: 
  C:\Program Files\nodejs\node.exe C:\Users\mulev\AppData\Roaming\npm\node_modules\yarn\bin\yarn.js add gh-pages

PATH: 
  C:\Program Files (x86)\Common Files\Oracle\Java\javapath;C:\oraclexe\app\oracle\product\11.2.0\server\bin;;C:\Program Files\Common Files\Oracle\Java\javapath;C:\Users\mulev\3D Objects\New folder\Scripts\;C:\Users\mulev\3D Objects\New folder\;C:\Windows\system32;C:\Windows;C:\Windows\System32\Wbem;C:\Windows\System32\WindowsPowerShell\v1.0\;C:\Windows\System32\OpenSSH\;C:\Program Files (x86)\NVIDIA Corporation\PhysX\Common;C:\Program Files\NVIDIA Corporation\NVIDIA NvDLISR;C:\MinGW\bin;C:\ProgramData\chocolatey\bin;C: \Windows\SysWow64\;C:\Users\mulev\AppData\Local\Programs\Python\Python39;C:\Program Files\WireGuard\;C:\scrcpy;C:\Program Files\Microsoft SQL Server\120\Tools\Binn\;C:\Program Files\Java\jdk-18.0.1.1\bin;C:\Program Files\Git\cmd;C:\Program Files\nodejs;C:\Program Files (x86)\Microsoft Visual Studio\2022\BuildTools;C:\Users\mulev\AppData\Roaming\npm;C:\Program Files\nodejs\;C:\Program Files\Redis\;C:\Program Files\Microsoft SQL Server\Client SDK\ODBC\170\Tools\Binn\;C:\Program Files (x86)\Microsoft SQL Server\150\Tools\Binn\;C:\Program Files\Microsoft SQL Server\150\Tools\Binn\;C:\Program Files\Microsoft SQL Server\150\DTS\Binn\;C:\Program Files\MySQL\MySQL Utilities 1.6\;C:\Program Files\MySQL\MySQL Shell 8.0\bin\;C:\Users\mulev\AppData\Local\Programs\Microsoft VS Code\bin;C:\Users\mulev\3D Objects\New folder\python.exe;C:\Users\mulev\AppData\Local\Microsoft\WindowsApps\python.exe;C:\Program Files\MongoDB\Server\5.0\bin;C:\Program Files\heroku\bin

Yarn version: 
  1.22.19

Node version: 
  16.16.0

Platform: 
  win32 x64

Trace: 
  Error: https://registry.yarnpkg.com/@material-ui/core/-/core-4.12.4.tgz: ESOCKETTIMEDOUT
      at ClientRequest.<anonymous> (C:\Users\mulev\AppData\Roaming\npm\node_modules\yarn\lib\cli.js:141517:19)
      at Object.onceWrapper (node:events:641:28)
      at ClientRequest.emit (node:events:527:28)
      at TLSSocket.emitRequestTimeout (node:_http_client:771:9)
      at Object.onceWrapper (node:events:641:28)
      at TLSSocket.emit (node:events:539:35)
      at TLSSocket.Socket._onTimeout (node:net:516:8)
      at listOnTimeout (node:internal/timers:559:17)
      at processTimers (node:internal/timers:502:7)

npm manifest: 
  {
    "name": "gdsc-aissmsioit-web",
    "version": "0.1.0",
    "private": true,
    "homepage": "http://gdsc-web.github.io",
    "dependencies": {
      "@emailjs/browser": "^3.4.0",
      "@material-ui/core": "^4.12.3",
      "@material-ui/icons": "^4.11.2",
      "@testing-library/jest-dom": "^5.14.1",
      "@testing-library/react": "^11.2.7",
      "@testing-library/user-event": "^12.8.3",
      "aos": "^3.0.0-beta.6",
      "babel-cli": "^6.26.0",
      "babel-preset-es2015": "^6.24.1",
      "babel-preset-react": "^6.24.1",
      "babel-register": "^6.26.0",
      "bootstrap": "^5.1.3",
      "dotenv": "^11.0.0",
      "gh": "^2.8.9",
      "gh-pages": "^3.2.3",
      "gsap": "^3.8.0",
      "immer": "^9.0.7",
      "material-icons": "^1.11.11",
      "nth-check": "^2.0.1",
      "pages": "^0.0.16",
      "react": "^17.0.2",
      "react-bootstrap": "^2.0.3",
      "react-codemod": "^5.4.3",
      "react-dom": "^17.0.2",
      "react-helmet": "^6.1.0",
      "react-lottie": "^1.2.3",
      "react-reveal": "^1.2.2",
      "react-router-dom": "^5.3.0",
      "react-router-sitemap": "^1.2.0",
      "react-scripts": "^5.0.0",
      "react-slick": "^0.28.1",
      "slick-carousel": "^1.8.1",
      "theme-ui": "^0.12.0",
      "typewriter-effect": "^2.18.2",
      "web-vitals": "^1.1.2"
    },
    "scripts": {
      "predeploy": "npm run build",
      "deploy": "gh-pages -d build",
      "start": "react-scripts start",
      "build": "react-scripts build",
      "test": "react-scripts test",
      "eject": "react-scripts eject",
      "sitemap": "babel-node ./src/sitemap-builder.js"
    },
    "eslintConfig": {
      "extends": [
        "react-app",
        "react-app/jest"
      ]
    },
    "browserslist": {
      "production": [
        ">0.2%",
        "not dead",
        "not op_mini all"
      ],
      "development": [
        "last 1 chrome version",
        "last 1 firefox version",
        "last 1 safari version"
      ]
    }
  }

yarn manifest: 
  No manifest

Lockfile: 
  No lockfile
